<?xml version="1.0" encoding="UTF-8"?>
<!-- Generated by org.testng.reporters.JUnitXMLReporter -->
<testsuite hostname="SURPRISE-DE414" ignored="0" name="Test" tests="3" failures="0" timestamp="22 Nov 2018 22:46:31 GMT" time="20.533" errors="0">
  <testcase name="validateByUserNameColumn" time="0.231" classname="CIB_DIGITAL_TECH.ValidateUserListTableTest"/>
  <testcase name="testUserListTable" time="6.138" classname="CIB_DIGITAL_TECH.UserListTableWebTest"/>
  <testcase name="testUserListTable" time="4.216" classname="CIB_DIGITAL_TECH.UserListTableWebTest"/>
</testsuite> <!-- Test -->
