<?xml version="1.0" encoding="UTF-8"?>
<!-- Generated by org.testng.reporters.JUnitXMLReporter -->
<testsuite hostname="SURPRISE-DE414" ignored="0" name="Test User List Table" tests="2" failures="0" timestamp="25 Nov 2018 14:03:37 GMT" time="9.574" errors="0">
  <testcase name="testUserListTable" time="4.81" classname="CIB_DIGITAL_TECH.UserListTableWebTest"/>
  <testcase name="testUserListTable" time="2.292" classname="CIB_DIGITAL_TECH.UserListTableWebTest"/>
</testsuite> <!-- Test User List Table -->
