<?xml version="1.0" encoding="UTF-8"?>
<!-- Generated by org.testng.reporters.JUnitXMLReporter -->
<testsuite hostname="SURPRISE-DE414" ignored="0" name="Validate User List Table" tests="1" failures="1" timestamp="25 Nov 2018 14:03:27 GMT" time="22.361" errors="0">
  <testcase name="validateByUserNameColumn" time="0.113" classname="CIB_DIGITAL_TECH.ValidateUserListTableTest">
    <failure type="junit.framework.ComparisonFailure" message="expected:&amp;lt;...123&amp;gt; but was:&amp;lt;...&amp;gt;">
      <![CDATA[junit.framework.ComparisonFailure: expected:<...123> but was:<...>
at junit.framework.Assert.assertEquals(Assert.java:81)
at junit.framework.Assert.assertEquals(Assert.java:87)
at CIB_DIGITAL_TECH.ValidateUserListTableTest.validateByUserNameColumn(ValidateUserListTableTest.java:34)
... Removed 25 stack frames]]>
    </failure>
  </testcase> <!-- validateByUserNameColumn -->
</testsuite> <!-- Validate User List Table -->
