<?xml version="1.0" encoding="UTF-8"?>
<!-- Generated by org.testng.reporters.JUnitXMLReporter -->
<testsuite hostname="SURPRISE-DE414" name="Command line test" tests="3" failures="0" timestamp="23 Nov 2018 00:45:09 GMT" time="20.778" errors="0">
  <testcase name="testUserListTable" time="4.881" classname="CIB_DIGITAL_TECH.UserListTableWebTest"/>
  <testcase name="testUserListTable" time="2.988" classname="CIB_DIGITAL_TECH.UserListTableWebTest"/>
  <testcase name="validateByUserNameColumn" time="0.179" classname="CIB_DIGITAL_TECH.ValidateUserListTableTest"/>
</testsuite> <!-- Command line test -->
