<?xml version="1.0" encoding="UTF-8"?>
<testng-results skipped="0" failed="1" ignored="0" total="3" passed="2">
  <reporter-output>
  </reporter-output>
  <suite name="Suite" duration-ms="32040" started-at="2018-11-25T14:03:05Z" finished-at="2018-11-25T14:03:37Z">
    <groups>
    </groups>
    <test name="Validate User List Table" duration-ms="22361" started-at="2018-11-25T14:03:05Z" finished-at="2018-11-25T14:03:27Z">
      <class name="CIB_DIGITAL_TECH.ValidateUserListTableTest">
        <test-method status="PASS" signature="initialize()[pri:0, instance:CIB_DIGITAL_TECH.ValidateUserListTableTest@1a968a59]" name="initialize" is-config="true" duration-ms="21905" started-at="2018-11-25T14:03:05Z" finished-at="2018-11-25T14:03:26Z">
          <reporter-output>
          </reporter-output>
        </test-method> <!-- initialize -->
        <test-method status="FAIL" signature="validateByUserNameColumn()[pri:0, instance:CIB_DIGITAL_TECH.ValidateUserListTableTest@1a968a59]" name="validateByUserNameColumn" duration-ms="113" started-at="2018-11-25T14:03:27Z" finished-at="2018-11-25T14:03:27Z">
          <exception class="junit.framework.ComparisonFailure">
            <message>
              <![CDATA[expected:<...123> but was:<...>]]>
            </message>
            <full-stacktrace>
              <![CDATA[junit.framework.ComparisonFailure: expected:<...123> but was:<...>
at junit.framework.Assert.assertEquals(Assert.java:81)
at junit.framework.Assert.assertEquals(Assert.java:87)
at CIB_DIGITAL_TECH.ValidateUserListTableTest.validateByUserNameColumn(ValidateUserListTableTest.java:34)
at sun.reflect.NativeMethodAccessorImpl.invoke0(Native Method)
at sun.reflect.NativeMethodAccessorImpl.invoke(NativeMethodAccessorImpl.java:62)
at sun.reflect.DelegatingMethodAccessorImpl.invoke(DelegatingMethodAccessorImpl.java:43)
at java.lang.reflect.Method.invoke(Method.java:498)
at org.testng.internal.MethodInvocationHelper.invokeMethod(MethodInvocationHelper.java:124)
at org.testng.internal.Invoker.invokeMethod(Invoker.java:580)
at org.testng.internal.Invoker.invokeTestMethod(Invoker.java:716)
at org.testng.internal.Invoker.invokeTestMethods(Invoker.java:988)
at org.testng.internal.TestMethodWorker.invokeTestMethods(TestMethodWorker.java:125)
at org.testng.internal.TestMethodWorker.run(TestMethodWorker.java:109)
at org.testng.TestRunner.privateRun(TestRunner.java:648)
at org.testng.TestRunner.run(TestRunner.java:505)
at org.testng.SuiteRunner.runTest(SuiteRunner.java:455)
at org.testng.SuiteRunner.runSequentially(SuiteRunner.java:450)
at org.testng.SuiteRunner.privateRun(SuiteRunner.java:415)
at org.testng.SuiteRunner.run(SuiteRunner.java:364)
at org.testng.SuiteRunnerWorker.runSuite(SuiteRunnerWorker.java:52)
at org.testng.SuiteRunnerWorker.run(SuiteRunnerWorker.java:84)
at org.testng.TestNG.runSuitesSequentially(TestNG.java:1208)
at org.testng.TestNG.runSuitesLocally(TestNG.java:1137)
at org.testng.TestNG.runSuites(TestNG.java:1049)
at org.testng.TestNG.run(TestNG.java:1017)
at org.testng.remote.AbstractRemoteTestNG.run(AbstractRemoteTestNG.java:114)
at org.testng.remote.RemoteTestNG.initAndRun(RemoteTestNG.java:251)
at org.testng.remote.RemoteTestNG.main(RemoteTestNG.java:77)
]]>
            </full-stacktrace>
          </exception> <!-- junit.framework.ComparisonFailure -->
          <reporter-output>
          </reporter-output>
        </test-method> <!-- validateByUserNameColumn -->
        <test-method status="PASS" signature="teardown()[pri:0, instance:CIB_DIGITAL_TECH.ValidateUserListTableTest@1a968a59]" name="teardown" is-config="true" duration-ms="301" started-at="2018-11-25T14:03:27Z" finished-at="2018-11-25T14:03:27Z">
          <reporter-output>
          </reporter-output>
        </test-method> <!-- teardown -->
      </class> <!-- CIB_DIGITAL_TECH.ValidateUserListTableTest -->
    </test> <!-- Validate User List Table -->
    <test name="Test User List Table" duration-ms="9574" started-at="2018-11-25T14:03:27Z" finished-at="2018-11-25T14:03:37Z">
      <class name="CIB_DIGITAL_TECH.UserListTableWebTest">
        <test-method status="PASS" signature="initialize()[pri:0, instance:CIB_DIGITAL_TECH.UserListTableWebTest@72d818d1]" name="initialize" is-config="true" duration-ms="2457" started-at="2018-11-25T14:03:27Z" finished-at="2018-11-25T14:03:29Z">
          <reporter-output>
          </reporter-output>
        </test-method> <!-- initialize -->
        <test-method status="PASS" signature="testUserListTable(java.lang.String, java.lang.String, java.lang.String, java.lang.String, java.lang.String, java.lang.String, java.lang.String, java.lang.String)[pri:0, instance:CIB_DIGITAL_TECH.UserListTableWebTest@72d818d1]" name="testUserListTable" duration-ms="4810" started-at="2018-11-25T14:03:30Z" data-provider="getData" finished-at="2018-11-25T14:03:34Z">
          <params>
            <param index="0">
              <value>
                <![CDATA[FName1]]>
              </value>
            </param>
            <param index="1">
              <value>
                <![CDATA[LName1]]>
              </value>
            </param>
            <param index="2">
              <value>
                <![CDATA[User1]]>
              </value>
            </param>
            <param index="3">
              <value>
                <![CDATA[Pass1]]>
              </value>
            </param>
            <param index="4">
              <value>
                <![CDATA[Company AAA]]>
              </value>
            </param>
            <param index="5">
              <value>
                <![CDATA[Admin]]>
              </value>
            </param>
            <param index="6">
              <value>
                <![CDATA[admin@mail.com]]>
              </value>
            </param>
            <param index="7">
              <value>
                <![CDATA[082555]]>
              </value>
            </param>
          </params>
          <reporter-output>
          </reporter-output>
        </test-method> <!-- testUserListTable -->
        <test-method status="PASS" signature="testUserListTable(java.lang.String, java.lang.String, java.lang.String, java.lang.String, java.lang.String, java.lang.String, java.lang.String, java.lang.String)[pri:0, instance:CIB_DIGITAL_TECH.UserListTableWebTest@72d818d1]" name="testUserListTable" duration-ms="2292" started-at="2018-11-25T14:03:34Z" data-provider="getData" finished-at="2018-11-25T14:03:37Z">
          <params>
            <param index="0">
              <value>
                <![CDATA[FName2]]>
              </value>
            </param>
            <param index="1">
              <value>
                <![CDATA[LName2]]>
              </value>
            </param>
            <param index="2">
              <value>
                <![CDATA[User2]]>
              </value>
            </param>
            <param index="3">
              <value>
                <![CDATA[Pass2]]>
              </value>
            </param>
            <param index="4">
              <value>
                <![CDATA[Company BBB]]>
              </value>
            </param>
            <param index="5">
              <value>
                <![CDATA[Customer]]>
              </value>
            </param>
            <param index="6">
              <value>
                <![CDATA[customer@mail.com]]>
              </value>
            </param>
            <param index="7">
              <value>
                <![CDATA[083444]]>
              </value>
            </param>
          </params>
          <reporter-output>
          </reporter-output>
        </test-method> <!-- testUserListTable -->
      </class> <!-- CIB_DIGITAL_TECH.UserListTableWebTest -->
    </test> <!-- Test User List Table -->
  </suite> <!-- Suite -->
</testng-results>
